<?xml version="1.0" encoding="UTF-8"?>
<testsuite name="MainTest" tests="1" skipped="0" failures="0" errors="0" timestamp="2024-02-06T10:16:46" hostname="Andris-MacBook-Air.local" time="0.011">
  <properties/>
  <testcase name="can fit a box around a sentence" classname="MainTest" time="0.011"/>
  <system-out><![CDATA[]]></system-out>
  <system-err><![CDATA[]]></system-err>
</testsuite>
